<?xml version="1.0" encoding="UTF-8"?>
<testsuite xmlns:xsi="http://www.w3.org/2001/XMLSchema-instance" xsi:noNamespaceSchemaLocation="https://maven.apache.org/surefire/maven-surefire-plugin/xsd/surefire-test-report-3.0.xsd" version="3.0" name="com.projectgroup5.gamedemo.ProjectGroup5GameDemoApplicationTests" time="2.138" tests="1" errors="0" skipped="0" failures="0">
  <properties>
[...]
</properties>
  <testcase name="contextLoads" classname="com.projectgroup5.gamedemo.ProjectGroup5GameDemoApplicationTests" time="0.595">
    <system-out><![CDATA[19:24:54.772 [main] INFO org.springframework.test.context.support.AnnotationConfigContextLoaderUtils -- Could not detect default configuration classes for test class [com.projectgroup5.gamedemo.ProjectGroup5GameDemoApplicationTests]: ProjectGroup5GameDemoApplicationTests does not declare any static, non-private, non-final, nested classes annotated with @Configuration.
19:24:54.840 [main] INFO org.springframework.boot.test.context.SpringBootTestContextBootstrapper -- Found @SpringBootConfiguration com.projectgroup5.gamedemo.ProjectGroup5GameDemoApplication for test class com.projectgroup5.gamedemo.ProjectGroup5GameDemoApplicationTests

  .   ____          _            __ _ _
 /\\ / ___'_ __ _ _(_)_ __  __ _ \ \ \ \
( ( )\___ | '_ | '_| | '_ \/ _` | \ \ \ \
 \\/  ___)| |_)| | | | | || (_| |  ) ) ) )
  '  |____| .__|_| |_|_| |_\__, | / / / /
 =========|_|==============|___/=/_/_/_/

 :: Spring Boot ::                (v3.3.5)

2025-11-18T19:24:55.089-06:00  INFO 26120 --- [           main] .g.ProjectGroup5GameDemoApplicationTests : Starting ProjectGroup5GameDemoApplicationTests using Java 17.0.17 with PID 26120 (started by Administrator in D:\0 movie_subtitle\Software Architecture & Design\2 proposal_final\Project_Group_5_game_demo2)
2025-11-18T19:24:55.089-06:00 DEBUG 26120 --- [           main] .g.ProjectGroup5GameDemoApplicationTests : Running with Spring Boot v3.3.5, Spring v6.1.14
2025-11-18T19:24:55.089-06:00  INFO 26120 --- [           main] .g.ProjectGroup5GameDemoApplicationTests : No active profile set, falling back to 1 default profile: "default"
2025-11-18T19:24:56.201-06:00  INFO 26120 --- [           main] .g.ProjectGroup5GameDemoApplicationTests : Started ProjectGroup5GameDemoApplicationTests in 1.275 seconds (process running for 1.857)
]]></system-out>
  </testcase>
</testsuite>